# JRE version: Java(TM) SE Runtime Environment (8.0_66-b18) (build 1.8.0_66-b18)
# Java VM: Java HotSpot(TM) 64-Bit Server VM (25.66-b18 mixed mode windows-amd64 compressed oops)
Heap:
 PSYoungGen      total 207360K, used 201159K [0x00000000d6000000, 0x00000000eb180000, 0x0000000100000000)
  eden space 154112K, 95% used [0x00000000d6000000,0x00000000df079e18,0x00000000df680000)
  from space 53248K, 99% used [0x00000000dfb80000,0x00000000e2f78000,0x00000000e2f80000)
  to   space 95744K, 0% used [0x00000000e5400000,0x00000000e5400000,0x00000000eb180000)
 ParOldGen       total 158720K, used 40554K [0x0000000082000000, 0x000000008bb00000, 0x00000000d6000000)
  object space 158720K, 25% used [0x0000000082000000,0x000000008479aa68,0x000000008bb00000)
 Metaspace       used 10225K, capacity 10390K, committed 10752K, reserved 1058816K
  class space    used 903K, capacity 953K, committed 1024K, reserved 1048576K
GC Heap History (10 events):
Event: 1672.793 GC heap before
{Heap before GC invocations=17 (full 2):
 PSYoungGen      total 283136K, used 246752K [0x00000000d6000000, 0x00000000ee000000, 0x0000000100000000)
  eden space 183296K, 100% used [0x00000000d6000000,0x00000000e1300000,0x00000000e1300000)
  from space 99840K, 63% used [0x00000000e7e80000,0x00000000ebc78000,0x00000000ee000000)
  to   space 104960K, 0% used [0x00000000e1300000,0x00000000e1300000,0x00000000e7980000)
 ParOldGen       total 158720K, used 40554K [0x0000000082000000, 0x000000008bb00000, 0x00000000d6000000)
  object space 158720K, 25% used [0x0000000082000000,0x000000008479aa68,0x000000008bb00000)
 Metaspace       used 10225K, capacity 10390K, committed 10752K, reserved 1058816K
  class space    used 903K, capacity 953K, committed 1024K, reserved 1048576K
Event: 1673.006 GC heap after
Heap after GC invocations=17 (full 2):
 PSYoungGen      total 238080K, used 61248K [0x00000000d6000000, 0x00000000eda80000, 0x0000000100000000)
  eden space 176640K, 0% used [0x00000000d6000000,0x00000000d6000000,0x00000000e0c80000)
  from space 61440K, 99% used [0x00000000e1300000,0x00000000e4ed0000,0x00000000e4f00000)
  to   space 105472K, 0% used [0x00000000e7380000,0x00000000e7380000,0x00000000eda80000)
 ParOldGen       total 158720K, used 40554K [0x0000000082000000, 0x000000008bb00000, 0x00000000d6000000)
  object space 158720K, 25% used [0x0000000082000000,0x000000008479aa68,0x000000008bb00000)
 Metaspace       used 10225K, capacity 10390K, committed 10752K, reserved 1058816K
  class space    used 903K, capacity 953K, committed 1024K, reserved 1048576K
}
Event: 1841.105 GC heap before
{Heap before GC invocations=18 (full 2):
 PSYoungGen      total 238080K, used 237888K [0x00000000d6000000, 0x00000000eda80000, 0x0000000100000000)
  eden space 176640K, 100% used [0x00000000d6000000,0x00000000e0c80000,0x00000000e0c80000)
  from space 61440K, 99% used [0x00000000e1300000,0x00000000e4ed0000,0x00000000e4f00000)
  to   space 105472K, 0% used [0x00000000e7380000,0x00000000e7380000,0x00000000eda80000)
 ParOldGen       total 158720K, used 40554K [0x0000000082000000, 0x000000008bb00000, 0x00000000d6000000)
  object space 158720K, 25% used [0x0000000082000000,0x000000008479aa68,0x000000008bb00000)
 Metaspace       used 10225K, capacity 10390K, committed 10752K, reserved 1058816K
  class space    used 903K, capacity 953K, committed 1024K, reserved 1048576K
Event: 1841.284 GC heap after
Heap after GC invocations=18 (full 2):
 PSYoungGen      total 267776K, used 59008K [0x00000000d6000000, 0x00000000ed280000, 0x0000000100000000)
  eden space 170496K, 0% used [0x00000000d6000000,0x00000000d6000000,0x00000000e0680000)
  from space 97280K, 60% used [0x00000000e7380000,0x00000000ead20000,0x00000000ed280000)
  to   space 104448K, 0% used [0x00000000e0680000,0x00000000e0680000,0x00000000e6c80000)
 ParOldGen       total 158720K, used 40554K [0x0000000082000000, 0x000000008bb00000, 0x00000000d6000000)
  object space 158720K, 25% used [0x0000000082000000,0x000000008479aa68,0x000000008bb00000)
 Metaspace       used 10225K, capacity 10390K, committed 10752K, reserved 1058816K
  class space    used 903K, capacity 953K, committed 1024K, reserved 1048576K
}
Event: 1987.618 GC heap before
{Heap before GC invocations=19 (full 2):
 PSYoungGen      total 267776K, used 229504K [0x00000000d6000000, 0x00000000ed280000, 0x0000000100000000)
  eden space 170496K, 100% used [0x00000000d6000000,0x00000000e0680000,0x00000000e0680000)
  from space 97280K, 60% used [0x00000000e7380000,0x00000000ead20000,0x00000000ed280000)
  to   space 104448K, 0% used [0x00000000e0680000,0x00000000e0680000,0x00000000e6c80000)
 ParOldGen       total 158720K, used 40554K [0x0000000082000000, 0x000000008bb00000, 0x00000000d6000000)
  object space 158720K, 25% used [0x0000000082000000,0x000000008479aa68,0x000000008bb00000)
 Metaspace       used 10225K, capacity 10390K, committed 10752K, reserved 1058816K
  class space    used 903K, capacity 953K, committed 1024K, reserved 1048576K
Event: 1987.786 GC heap after
Heap after GC invocations=19 (full 2):
 PSYoungGen      total 222208K, used 56928K [0x00000000d6000000, 0x00000000ec900000, 0x0000000100000000)
  eden space 164864K, 0% used [0x00000000d6000000,0x00000000d6000000,0x00000000e0100000)
  from space 57344K, 99% used [0x00000000e0680000,0x00000000e3e18000,0x00000000e3e80000)
  to   space 102400K, 0% used [0x00000000e6500000,0x00000000e6500000,0x00000000ec900000)
 ParOldGen       total 158720K, used 40554K [0x0000000082000000, 0x000000008bb00000, 0x00000000d6000000)
  object space 158720K, 25% used [0x0000000082000000,0x000000008479aa68,0x000000008bb00000)
 Metaspace       used 10225K, capacity 10390K, committed 10752K, reserved 1058816K
  class space    used 903K, capacity 953K, committed 1024K, reserved 1048576K
}
Event: 2140.181 GC heap before
{Heap before GC invocations=20 (full 2):
 PSYoungGen      total 222208K, used 221792K [0x00000000d6000000, 0x00000000ec900000, 0x0000000100000000)
  eden space 164864K, 100% used [0x00000000d6000000,0x00000000e0100000,0x00000000e0100000)
  from space 57344K, 99% used [0x00000000e0680000,0x00000000e3e18000,0x00000000e3e80000)
  to   space 102400K, 0% used [0x00000000e6500000,0x00000000e6500000,0x00000000ec900000)
 ParOldGen       total 158720K, used 40554K [0x0000000082000000, 0x000000008bb00000, 0x00000000d6000000)
  object space 158720K, 25% used [0x0000000082000000,0x000000008479aa68,0x000000008bb00000)
 Metaspace       used 10225K, capacity 10390K, committed 10752K, reserved 1058816K
  class space    used 903K, capacity 953K, committed 1024K, reserved 1048576K
Event: 2140.348 GC heap after
Heap after GC invocations=20 (full 2):
 PSYoungGen      total 249856K, used 55104K [0x00000000d6000000, 0x00000000ebd80000, 0x0000000100000000)
  eden space 159232K, 0% used [0x00000000d6000000,0x00000000d6000000,0x00000000dfb80000)
  from space 90624K, 60% used [0x00000000e6500000,0x00000000e9ad0000,0x00000000ebd80000)
  to   space 99328K, 0% used [0x00000000dfb80000,0x00000000dfb80000,0x00000000e5c80000)
 ParOldGen       total 158720K, used 40554K [0x0000000082000000, 0x000000008bb00000, 0x00000000d6000000)
  object space 158720K, 25% used [0x0000000082000000,0x000000008479aa68,0x000000008bb00000)
 Metaspace       used 10225K, capacity 10390K, committed 10752K, reserved 1058816K
  class space    used 903K, capacity 953K, committed 1024K, reserved 1048576K
}
Event: 2315.607 GC heap before
{Heap before GC invocations=21 (full 2):
 PSYoungGen      total 249856K, used 214336K [0x00000000d6000000, 0x00000000ebd80000, 0x0000000100000000)
  eden space 159232K, 100% used [0x00000000d6000000,0x00000000dfb80000,0x00000000dfb80000)
  from space 90624K, 60% used [0x00000000e6500000,0x00000000e9ad0000,0x00000000ebd80000)
  to   space 99328K, 0% used [0x00000000dfb80000,0x00000000dfb80000,0x00000000e5c80000)
 ParOldGen       total 158720K, used 40554K [0x0000000082000000, 0x000000008bb00000, 0x00000000d6000000)
  object space 158720K, 25% used [0x0000000082000000,0x000000008479aa68,0x000000008bb00000)
 Metaspace       used 10225K, capacity 10390K, committed 10752K, reserved 1058816K
  class space    used 903K, capacity 953K, committed 1024K, reserved 1048576K
Event: 2315.753 GC heap after
Heap after GC invocations=21 (full 2):
 PSYoungGen      total 207360K, used 53216K [0x00000000d6000000, 0x00000000eb180000, 0x0000000100000000)
  eden space 154112K, 0% used [0x00000000d6000000,0x00000000d6000000,0x00000000df680000)
  from space 53248K, 99% used [0x00000000dfb80000,0x00000000e2f78000,0x00000000e2f80000)
  to   space 95744K, 0% used [0x00000000e5400000,0x00000000e5400000,0x00000000eb180000)
 ParOldGen       total 158720K, used 40554K [0x0000000082000000, 0x000000008bb00000, 0x00000000d6000000)
  object space 158720K, 25% used [0x0000000082000000,0x000000008479aa68,0x000000008bb00000)
 Metaspace       used 10225K, capacity 10390K, committed 10752K, reserved 1058816K
  class space    used 903K, capacity 953K, committed 1024K, reserved 1048576K
}

