# JRE version: Java(TM) SE Runtime Environment (8.0_66-b18) (build 1.8.0_66-b18)
# Java VM: Java HotSpot(TM) 64-Bit Server VM (25.66-b18 mixed mode windows-amd64 compressed oops)
Heap:
 PSYoungGen      total 40960K, used 16610K [0x00000000d6000000, 0x00000000d9100000, 0x0000000100000000)
  eden space 31744K, 24% used [0x00000000d6000000,0x00000000d6770ad0,0x00000000d7f00000)
  from space 9216K, 97% used [0x00000000d7f00000,0x00000000d87c8000,0x00000000d8800000)
  to   space 9216K, 0% used [0x00000000d8800000,0x00000000d8800000,0x00000000d9100000)
 ParOldGen       total 162816K, used 55083K [0x0000000082000000, 0x000000008bf00000, 0x00000000d6000000)
  object space 162816K, 33% used [0x0000000082000000,0x00000000855caf58,0x000000008bf00000)
 Metaspace       used 10331K, capacity 10498K, committed 10752K, reserved 1058816K
  class space    used 912K, capacity 985K, committed 1024K, reserved 1048576K
GC Heap History (10 events):
Event: 6641.994 GC heap before
{Heap before GC invocations=441 (full 2):
 PSYoungGen      total 40960K, used 40736K [0x00000000d6000000, 0x00000000d9100000, 0x0000000100000000)
  eden space 31744K, 100% used [0x00000000d6000000,0x00000000d7f00000,0x00000000d7f00000)
  from space 9216K, 97% used [0x00000000d8800000,0x00000000d90c8000,0x00000000d9100000)
  to   space 9216K, 0% used [0x00000000d7f00000,0x00000000d7f00000,0x00000000d8800000)
 ParOldGen       total 162816K, used 55083K [0x0000000082000000, 0x000000008bf00000, 0x00000000d6000000)
  object space 162816K, 33% used [0x0000000082000000,0x00000000855caf58,0x000000008bf00000)
 Metaspace       used 10331K, capacity 10498K, committed 10752K, reserved 1058816K
  class space    used 912K, capacity 985K, committed 1024K, reserved 1048576K
Event: 6642.020 GC heap after
Heap after GC invocations=441 (full 2):
 PSYoungGen      total 40960K, used 8992K [0x00000000d6000000, 0x00000000d9100000, 0x0000000100000000)
  eden space 31744K, 0% used [0x00000000d6000000,0x00000000d6000000,0x00000000d7f00000)
  from space 9216K, 97% used [0x00000000d7f00000,0x00000000d87c8000,0x00000000d8800000)
  to   space 9216K, 0% used [0x00000000d8800000,0x00000000d8800000,0x00000000d9100000)
 ParOldGen       total 162816K, used 55083K [0x0000000082000000, 0x000000008bf00000, 0x00000000d6000000)
  object space 162816K, 33% used [0x0000000082000000,0x00000000855caf58,0x000000008bf00000)
 Metaspace       used 10331K, capacity 10498K, committed 10752K, reserved 1058816K
  class space    used 912K, capacity 985K, committed 1024K, reserved 1048576K
}
Event: 6650.531 GC heap before
{Heap before GC invocations=442 (full 2):
 PSYoungGen      total 40960K, used 40736K [0x00000000d6000000, 0x00000000d9100000, 0x0000000100000000)
  eden space 31744K, 100% used [0x00000000d6000000,0x00000000d7f00000,0x00000000d7f00000)
  from space 9216K, 97% used [0x00000000d7f00000,0x00000000d87c8000,0x00000000d8800000)
  to   space 9216K, 0% used [0x00000000d8800000,0x00000000d8800000,0x00000000d9100000)
 ParOldGen       total 162816K, used 55083K [0x0000000082000000, 0x000000008bf00000, 0x00000000d6000000)
  object space 162816K, 33% used [0x0000000082000000,0x00000000855caf58,0x000000008bf00000)
 Metaspace       used 10331K, capacity 10498K, committed 10752K, reserved 1058816K
  class space    used 912K, capacity 985K, committed 1024K, reserved 1048576K
Event: 6650.560 GC heap after
Heap after GC invocations=442 (full 2):
 PSYoungGen      total 40960K, used 8992K [0x00000000d6000000, 0x00000000d9100000, 0x0000000100000000)
  eden space 31744K, 0% used [0x00000000d6000000,0x00000000d6000000,0x00000000d7f00000)
  from space 9216K, 97% used [0x00000000d8800000,0x00000000d90c8000,0x00000000d9100000)
  to   space 9216K, 0% used [0x00000000d7f00000,0x00000000d7f00000,0x00000000d8800000)
 ParOldGen       total 162816K, used 55083K [0x0000000082000000, 0x000000008bf00000, 0x00000000d6000000)
  object space 162816K, 33% used [0x0000000082000000,0x00000000855caf58,0x000000008bf00000)
 Metaspace       used 10331K, capacity 10498K, committed 10752K, reserved 1058816K
  class space    used 912K, capacity 985K, committed 1024K, reserved 1048576K
}
Event: 6659.032 GC heap before
{Heap before GC invocations=443 (full 2):
 PSYoungGen      total 40960K, used 40736K [0x00000000d6000000, 0x00000000d9100000, 0x0000000100000000)
  eden space 31744K, 100% used [0x00000000d6000000,0x00000000d7f00000,0x00000000d7f00000)
  from space 9216K, 97% used [0x00000000d8800000,0x00000000d90c8000,0x00000000d9100000)
  to   space 9216K, 0% used [0x00000000d7f00000,0x00000000d7f00000,0x00000000d8800000)
 ParOldGen       total 162816K, used 55083K [0x0000000082000000, 0x000000008bf00000, 0x00000000d6000000)
  object space 162816K, 33% used [0x0000000082000000,0x00000000855caf58,0x000000008bf00000)
 Metaspace       used 10331K, capacity 10498K, committed 10752K, reserved 1058816K
  class space    used 912K, capacity 985K, committed 1024K, reserved 1048576K
Event: 6659.058 GC heap after
Heap after GC invocations=443 (full 2):
 PSYoungGen      total 40960K, used 9024K [0x00000000d6000000, 0x00000000d9100000, 0x0000000100000000)
  eden space 31744K, 0% used [0x00000000d6000000,0x00000000d6000000,0x00000000d7f00000)
  from space 9216K, 97% used [0x00000000d7f00000,0x00000000d87d0000,0x00000000d8800000)
  to   space 9216K, 0% used [0x00000000d8800000,0x00000000d8800000,0x00000000d9100000)
 ParOldGen       total 162816K, used 55083K [0x0000000082000000, 0x000000008bf00000, 0x00000000d6000000)
  object space 162816K, 33% used [0x0000000082000000,0x00000000855caf58,0x000000008bf00000)
 Metaspace       used 10331K, capacity 10498K, committed 10752K, reserved 1058816K
  class space    used 912K, capacity 985K, committed 1024K, reserved 1048576K
}
Event: 6667.817 GC heap before
{Heap before GC invocations=444 (full 2):
 PSYoungGen      total 40960K, used 40768K [0x00000000d6000000, 0x00000000d9100000, 0x0000000100000000)
  eden space 31744K, 100% used [0x00000000d6000000,0x00000000d7f00000,0x00000000d7f00000)
  from space 9216K, 97% used [0x00000000d7f00000,0x00000000d87d0000,0x00000000d8800000)
  to   space 9216K, 0% used [0x00000000d8800000,0x00000000d8800000,0x00000000d9100000)
 ParOldGen       total 162816K, used 55083K [0x0000000082000000, 0x000000008bf00000, 0x00000000d6000000)
  object space 162816K, 33% used [0x0000000082000000,0x00000000855caf58,0x000000008bf00000)
 Metaspace       used 10331K, capacity 10498K, committed 10752K, reserved 1058816K
  class space    used 912K, capacity 985K, committed 1024K, reserved 1048576K
Event: 6667.843 GC heap after
Heap after GC invocations=444 (full 2):
 PSYoungGen      total 40960K, used 8992K [0x00000000d6000000, 0x00000000d9100000, 0x0000000100000000)
  eden space 31744K, 0% used [0x00000000d6000000,0x00000000d6000000,0x00000000d7f00000)
  from space 9216K, 97% used [0x00000000d8800000,0x00000000d90c8000,0x00000000d9100000)
  to   space 9216K, 0% used [0x00000000d7f00000,0x00000000d7f00000,0x00000000d8800000)
 ParOldGen       total 162816K, used 55083K [0x0000000082000000, 0x000000008bf00000, 0x00000000d6000000)
  object space 162816K, 33% used [0x0000000082000000,0x00000000855caf58,0x000000008bf00000)
 Metaspace       used 10331K, capacity 10498K, committed 10752K, reserved 1058816K
  class space    used 912K, capacity 985K, committed 1024K, reserved 1048576K
}
Event: 6676.151 GC heap before
{Heap before GC invocations=445 (full 2):
 PSYoungGen      total 40960K, used 40736K [0x00000000d6000000, 0x00000000d9100000, 0x0000000100000000)
  eden space 31744K, 100% used [0x00000000d6000000,0x00000000d7f00000,0x00000000d7f00000)
  from space 9216K, 97% used [0x00000000d8800000,0x00000000d90c8000,0x00000000d9100000)
  to   space 9216K, 0% used [0x00000000d7f00000,0x00000000d7f00000,0x00000000d8800000)
 ParOldGen       total 162816K, used 55083K [0x0000000082000000, 0x000000008bf00000, 0x00000000d6000000)
  object space 162816K, 33% used [0x0000000082000000,0x00000000855caf58,0x000000008bf00000)
 Metaspace       used 10331K, capacity 10498K, committed 10752K, reserved 1058816K
  class space    used 912K, capacity 985K, committed 1024K, reserved 1048576K
Event: 6676.176 GC heap after
Heap after GC invocations=445 (full 2):
 PSYoungGen      total 40960K, used 8992K [0x00000000d6000000, 0x00000000d9100000, 0x0000000100000000)
  eden space 31744K, 0% used [0x00000000d6000000,0x00000000d6000000,0x00000000d7f00000)
  from space 9216K, 97% used [0x00000000d7f00000,0x00000000d87c8000,0x00000000d8800000)
  to   space 9216K, 0% used [0x00000000d8800000,0x00000000d8800000,0x00000000d9100000)
 ParOldGen       total 162816K, used 55083K [0x0000000082000000, 0x000000008bf00000, 0x00000000d6000000)
  object space 162816K, 33% used [0x0000000082000000,0x00000000855caf58,0x000000008bf00000)
 Metaspace       used 10331K, capacity 10498K, committed 10752K, reserved 1058816K
  class space    used 912K, capacity 985K, committed 1024K, reserved 1048576K
}

